<?xml version="1.0" encoding="UTF-8"?>
<testsuite name="TestTextPainter" tests="7" skipped="0" failures="0" errors="0" timestamp="2018-05-07T12:36:34" hostname="Territory.local" time="0.077">
  <properties/>
  <testcase name="BucketCanvasWithABox" classname="TestTextPainter" time="0.06"/>
  <testcase name="BucketAnEmptyCanvas" classname="TestTextPainter" time="0.001"/>
  <testcase name="Rectangle" classname="TestTextPainter" time="0.004"/>
  <testcase name="HorizonTalAndVerticalLine" classname="TestTextPainter" time="0.001"/>
  <testcase name="BucketCanvasWithALine" classname="TestTextPainter" time="0.001"/>
  <testcase name="VerticalLine" classname="TestTextPainter" time="0.001"/>
  <testcase name="HorizontalLine" classname="TestTextPainter" time="0.0"/>
  <system-out><![CDATA[]]></system-out>
  <system-err><![CDATA[]]></system-err>
</testsuite>
